Determining if the Q_WS_WIN exist failed with the following output:
Change Dir: /home/tom/Documents/MyViewer/buildDebug/CMakeFiles/CMakeTmp

Run Build Command:"/usr/bin/make" "cmTC_f9991/fast"
/usr/bin/make -f CMakeFiles/cmTC_f9991.dir/build.make CMakeFiles/cmTC_f9991.dir/build
make[1] : on entre dans le répertoire « /home/tom/Documents/MyViewer/buildDebug/CMakeFiles/CMakeTmp »
Building CXX object CMakeFiles/cmTC_f9991.dir/CheckSymbolExists.cxx.o
/usr/bin/g++    -I/usr/include/qt4   -o CMakeFiles/cmTC_f9991.dir/CheckSymbolExists.cxx.o -c /home/tom/Documents/MyViewer/buildDebug/CMakeFiles/CMakeTmp/CheckSymbolExists.cxx
/home/tom/Documents/MyViewer/buildDebug/CMakeFiles/CMakeTmp/CheckSymbolExists.cxx: In function ‘int main(int, char**)’:
/home/tom/Documents/MyViewer/buildDebug/CMakeFiles/CMakeTmp/CheckSymbolExists.cxx:8:19: error: ‘Q_WS_WIN’ was not declared in this scope
   return ((int*)(&Q_WS_WIN))[argc];
                   ^~~~~~~~
CMakeFiles/cmTC_f9991.dir/build.make:65 : la recette pour la cible « CMakeFiles/cmTC_f9991.dir/CheckSymbolExists.cxx.o » a échouée
make[1]: *** [CMakeFiles/cmTC_f9991.dir/CheckSymbolExists.cxx.o] Erreur 1
make[1] : on quitte le répertoire « /home/tom/Documents/MyViewer/buildDebug/CMakeFiles/CMakeTmp »
Makefile:126 : la recette pour la cible « cmTC_f9991/fast » a échouée
make: *** [cmTC_f9991/fast] Erreur 2

File /home/tom/Documents/MyViewer/buildDebug/CMakeFiles/CMakeTmp/CheckSymbolExists.cxx:
/* */
#include <QtCore/qglobal.h>

int main(int argc, char** argv)
{
  (void)argv;
#ifndef Q_WS_WIN
  return ((int*)(&Q_WS_WIN))[argc];
#else
  (void)argc;
  return 0;
#endif
}

Determining if the Q_WS_QWS exist failed with the following output:
Change Dir: /home/tom/Documents/MyViewer/buildDebug/CMakeFiles/CMakeTmp

Run Build Command:"/usr/bin/make" "cmTC_dd425/fast"
/usr/bin/make -f CMakeFiles/cmTC_dd425.dir/build.make CMakeFiles/cmTC_dd425.dir/build
make[1] : on entre dans le répertoire « /home/tom/Documents/MyViewer/buildDebug/CMakeFiles/CMakeTmp »
Building CXX object CMakeFiles/cmTC_dd425.dir/CheckSymbolExists.cxx.o
/usr/bin/g++    -I/usr/include/qt4   -o CMakeFiles/cmTC_dd425.dir/CheckSymbolExists.cxx.o -c /home/tom/Documents/MyViewer/buildDebug/CMakeFiles/CMakeTmp/CheckSymbolExists.cxx
/home/tom/Documents/MyViewer/buildDebug/CMakeFiles/CMakeTmp/CheckSymbolExists.cxx: In function ‘int main(int, char**)’:
/home/tom/Documents/MyViewer/buildDebug/CMakeFiles/CMakeTmp/CheckSymbolExists.cxx:8:19: error: ‘Q_WS_QWS’ was not declared in this scope
   return ((int*)(&Q_WS_QWS))[argc];
                   ^~~~~~~~
CMakeFiles/cmTC_dd425.dir/build.make:65 : la recette pour la cible « CMakeFiles/cmTC_dd425.dir/CheckSymbolExists.cxx.o » a échouée
make[1]: *** [CMakeFiles/cmTC_dd425.dir/CheckSymbolExists.cxx.o] Erreur 1
make[1] : on quitte le répertoire « /home/tom/Documents/MyViewer/buildDebug/CMakeFiles/CMakeTmp »
Makefile:126 : la recette pour la cible « cmTC_dd425/fast » a échouée
make: *** [cmTC_dd425/fast] Erreur 2

File /home/tom/Documents/MyViewer/buildDebug/CMakeFiles/CMakeTmp/CheckSymbolExists.cxx:
/* */
#include <QtCore/qglobal.h>

int main(int argc, char** argv)
{
  (void)argv;
#ifndef Q_WS_QWS
  return ((int*)(&Q_WS_QWS))[argc];
#else
  (void)argc;
  return 0;
#endif
}

Determining if the Q_WS_MAC exist failed with the following output:
Change Dir: /home/tom/Documents/MyViewer/buildDebug/CMakeFiles/CMakeTmp

Run Build Command:"/usr/bin/make" "cmTC_b2170/fast"
/usr/bin/make -f CMakeFiles/cmTC_b2170.dir/build.make CMakeFiles/cmTC_b2170.dir/build
make[1] : on entre dans le répertoire « /home/tom/Documents/MyViewer/buildDebug/CMakeFiles/CMakeTmp »
Building CXX object CMakeFiles/cmTC_b2170.dir/CheckSymbolExists.cxx.o
/usr/bin/g++    -I/usr/include/qt4   -o CMakeFiles/cmTC_b2170.dir/CheckSymbolExists.cxx.o -c /home/tom/Documents/MyViewer/buildDebug/CMakeFiles/CMakeTmp/CheckSymbolExists.cxx
/home/tom/Documents/MyViewer/buildDebug/CMakeFiles/CMakeTmp/CheckSymbolExists.cxx: In function ‘int main(int, char**)’:
/home/tom/Documents/MyViewer/buildDebug/CMakeFiles/CMakeTmp/CheckSymbolExists.cxx:8:19: error: ‘Q_WS_MAC’ was not declared in this scope
   return ((int*)(&Q_WS_MAC))[argc];
                   ^~~~~~~~
CMakeFiles/cmTC_b2170.dir/build.make:65 : la recette pour la cible « CMakeFiles/cmTC_b2170.dir/CheckSymbolExists.cxx.o » a échouée
make[1]: *** [CMakeFiles/cmTC_b2170.dir/CheckSymbolExists.cxx.o] Erreur 1
make[1] : on quitte le répertoire « /home/tom/Documents/MyViewer/buildDebug/CMakeFiles/CMakeTmp »
Makefile:126 : la recette pour la cible « cmTC_b2170/fast » a échouée
make: *** [cmTC_b2170/fast] Erreur 2

File /home/tom/Documents/MyViewer/buildDebug/CMakeFiles/CMakeTmp/CheckSymbolExists.cxx:
/* */
#include <QtCore/qglobal.h>

int main(int argc, char** argv)
{
  (void)argv;
#ifndef Q_WS_MAC
  return ((int*)(&Q_WS_MAC))[argc];
#else
  (void)argc;
  return 0;
#endif
}

